[debug] [2017-11-13T22:59:19.785Z] ----------------------------------------------------------------------
[debug] [2017-11-13T22:59:19.790Z] Command:       /home/ubuntu/.nvm/versions/node/v6.11.2/bin/node /home/ubuntu/.nvm/versions/node/v6.11.2/bin/firebase serve -o 0.0.0.0 -p 8080
[debug] [2017-11-13T22:59:19.791Z] CLI Version:   3.15.0
[debug] [2017-11-13T22:59:19.791Z] Platform:      linux
[debug] [2017-11-13T22:59:19.791Z] Node Version:  v6.11.2
[debug] [2017-11-13T22:59:19.791Z] Time:          Mon Nov 13 2017 22:59:19 GMT+0000 (UTC)
[debug] [2017-11-13T22:59:19.791Z] ----------------------------------------------------------------------
[debug] 
[debug] [2017-11-13T22:59:19.806Z] > command requires scopes: ["email","openid","https://www.googleapis.com/auth/cloudplatformprojects.readonly","https://www.googleapis.com/auth/firebase","https://www.googleapis.com/auth/cloud-platform"]
[debug] [2017-11-13T22:59:19.806Z] > authorizing via signed-in user
[debug] [2017-11-13T22:59:19.809Z] > refreshing access token with scopes: ["email","https://www.googleapis.com/auth/cloud-platform","https://www.googleapis.com/auth/cloudplatformprojects.readonly","https://www.googleapis.com/auth/firebase","openid"]
[debug] [2017-11-13T22:59:19.810Z] >>> HTTP REQUEST POST https://www.googleapis.com/oauth2/v3/token { refresh_token: '1/pdxNJJiUzO_NksD36r7zhqPzNxLjUHoaMe_wkdoMus8',
  client_id: '563584335869-fgrhgmd47bqnekij5i8b5pr03ho849e6.apps.googleusercontent.com',
  client_secret: 'j9iVZfS8kkCEFUPaAeJV0sAi',
  grant_type: 'refresh_token',
  scope: 'email https://www.googleapis.com/auth/cloud-platform https://www.googleapis.com/auth/cloudplatformprojects.readonly https://www.googleapis.com/auth/firebase openid' } 
 Mon Nov 13 2017 22:59:19 GMT+0000 (UTC)
[debug] [2017-11-13T22:59:19.901Z] <<< HTTP RESPONSE 200
[debug] [2017-11-13T22:59:19.910Z] >>> HTTP REQUEST GET https://admin.firebase.com/v1/projects/codelab-friendlychat-cd7e0  
 Mon Nov 13 2017 22:59:19 GMT+0000 (UTC)
[debug] [2017-11-13T22:59:20.053Z] <<< HTTP RESPONSE 200
[debug] [2017-11-13T22:59:20.054Z] >>> HTTP REQUEST GET https://admin.firebase.com/v1/database/codelab-friendlychat-cd7e0/tokens  
 Mon Nov 13 2017 22:59:20 GMT+0000 (UTC)
[debug] [2017-11-13T22:59:20.388Z] <<< HTTP RESPONSE 200
[info] 
[info] === Serving from '/home/ubuntu/workspace/web-start'...
[info] 
[debug] [2017-11-13T22:59:20.393Z] >>> HTTP REQUEST GET https://cloudresourcemanager.googleapis.com/v1/projects/codelab-friendlychat-cd7e0  
 Mon Nov 13 2017 22:59:20 GMT+0000 (UTC)
[debug] [2017-11-13T22:59:20.736Z] <<< HTTP RESPONSE 200
[debug] [2017-11-13T22:59:20.737Z] >>> HTTP REQUEST GET https://mobilesdk-pa.googleapis.com/v1/projects/114222079113/clients/_:getWebAppConfig  
 Mon Nov 13 2017 22:59:20 GMT+0000 (UTC)
[debug] [2017-11-13T22:59:20.907Z] <<< HTTP RESPONSE 200
[info] i  hosting: Serving hosting files from: ./
[info] ✔  hosting: Local server: http://0.0.0.0:8080

